<?xml version="1.0" encoding="UTF-8"?>
<!-- Generated by org.testng.reporters.JUnitReportReporter -->
<testsuite skipped="0" hostname="Irwins-MacBook-Air.local" name="com.hrms.testcases.LoginTest" tests="1" failures="0" timestamp="2020-09-08T21:53:49 EDT" time="13.115" errors="0">
  <testcase name="validLogin" time="13.115" classname="com.hrms.testcases.LoginTest"/>
  <system-out/>
</testsuite> <!-- com.hrms.testcases.LoginTest -->
