<?xml version="1.0" encoding="UTF-8"?>
<!-- Generated by org.testng.reporters.JUnitReportReporter -->
<testsuite skipped="0" hostname="Irwins-MacBook-Air.local" name="com.hrms.testcases.LoginTest" tests="4" failures="0" timestamp="2020-09-06T13:56:29 EDT" time="21.114" errors="0">
  <testcase name="invalidPassword" time="6.303" classname="com.hrms.testcases.LoginTest"/>
  <system-out/>
  <testcase name="emptyUsername" time="3.463" classname="com.hrms.testcases.LoginTest"/>
  <system-out/>
  <testcase name="emptyPassword" time="3.313" classname="com.hrms.testcases.LoginTest"/>
  <system-out/>
  <testcase name="validLogin" time="8.035" classname="com.hrms.testcases.LoginTest"/>
  <system-out/>
</testsuite> <!-- com.hrms.testcases.LoginTest -->
